<?xml version="1.0" encoding="UTF-8"?>
<testsuite xmlns:xsi="http://www.w3.org/2001/XMLSchema-instance" xsi:noNamespaceSchemaLocation="https://maven.apache.org/surefire/maven-surefire-plugin/xsd/surefire-test-report-3.0.xsd" version="3.0" name="RectanguloTest" time="0.081" tests="4" errors="0" skipped="0" failures="0">
  <properties>
[...]
</properties>
  <testcase name="deberiaInicializarConColor" classname="RectanguloTest" time="0.029"/>
  <testcase name="deberiaCalcularPerimetro" classname="RectanguloTest" time="0.003"/>
  <testcase name="deberiaInicializarConColorRojo" classname="RectanguloTest" time="0.002"/>
  <testcase name="deberiaCalcularArea" classname="RectanguloTest" time="0.003"/>
</testsuite>